Trace     940200961 20  1 Bf  -     -     -         5000   25    0 
Trace     940201068 20 20 c   f     -     -         4975   50    0 
Trace     940201132 20 19 f   -     -     -         4925    0    0 
Trace     940201216 20 18 f   -     -     -         4925    0    0 
Trace     940201278 20 17 f   -     -     -         4925    0    0 
Trace     940201386 18 15 f   -     -     -         4925    0    0 
Trace     940201468 17 14 f   -     -     -         4925    0    0 
Trace     940202277 10  4 f   -     -     -         5000    0    0 
Trace     940202388 10  3 cc  c     k     k         5000  775    0 6s Ac
Trace     940202434 10  2 Bk  kf    -     -         4225   50    0 
Trace     940202534 10  1 Bc  b     b     k         4175 1050 1125 9s Kc
Trace     940202600 10 10 c   f     -     -         4250   50    0 
Trace     940202665 10  9 f   -     -     -         4200    0    0 
Trace     940202678 10  8 f   -     -     -         4200    0    0 
Trace     940202730 10  7 f   -     -     -         4200    0    0 
Trace     940202768  9  6 f   -     -     -         4200    0    0 
Trace     940202844  9  5 c   kc    kf    -         4200  650    0 
Trace     940202922  9  4 r   b     -     -         3550 1750 2800 
Trace     940202960  9  3 rc  kf    -     -         4600 1750    0 
Trace     940202996  9  2 Bf  -     -     -         2850  100    0 
Trace     940203023  8  1 Bf  -     -     -         2750  100    0 
Trace     940203057  8  8 f   -     -     -         2650    0    0 
Trace     940203088  8  7 f   -     -     -         2650    0    0 
Trace     940203142  8  6 f   -     -     -         2650    0    0 
Trace     940203189  7  4 f   -     -     -         2650    0    0 
Trace     940203244  6  2 Bf  -     -     -         2650  200    0 
Trace     940203316  6  1 Bc  kc    kf    -         2450  800    0 
Trace     940203362  6  6 f   -     -     -         1650    0    0 
Trace     940203441  6  5 f   -     -     -         1650    0    0 
Trace     940203501  6  4 f   -     -     -         1650    0    0 
Trace     940203522  6  3 f   -     -     -         1650    0    0 
Trace     940203574  6  2 Bc  kcA   -     -         1650 1650 3500 4s 3s
Trace     940203599  6  1 Bc  kcA   -     -         3500 3500    0 Qc Jh
Trace     940204239 12 11 f   -     -     -        10000    0    0 
Trace     940204317 11  9 cf  -     -     -        10000   80    0 
Trace     940204422 11  9 f   -     -     -         9920    0    0 
Trace     940204513 11  8 f   -     -     -         9920    0    0 
Trace     940204549 11  7 f   -     -     -         9920    0    0 
Trace     940204607 11  6 f   -     -     -         9920    0    0 
Trace     940204719 11  5 c   b     b     -         9920 4960 7200 
Trace     940204806 11  4 c   c     f     -        12160  960    0 
Trace     940204891 11  3 c   k     f     -        11200  320    0 
Trace     940205028 11  2 Bk  b     b     -        10880 7360 10560 
Trace     940205096 11  1 Bf  -     -     -        14080  160    0 
Trace     940205140 11 11 f   -     -     -        13920    0    0 
Trace     940205287 11 10 f   -     -     -        13920    0    0 
Trace     940205348 10  8 r   bA    -     -        13920 13920 4880 6d 6s
Trace     940205429 10  7 c   c     cA    -         4880 4880 16880 8c Ad
Trace     940205527 10  6 f   -     -     -        16880    0    0 
Trace     940205570 10  5 f   -     -     -        16880    0    0 
Trace     940205603 10  4 f   -     -     -        16880    0    0 
Trace     940205659  8  2 f   -     -     -        16880    0    0 
Trace     940205756  7  2 Bf  -     -     -        16880 1280    0 
Trace     940205787  7  1 Bf  -     -     -        15600  640    0 
Trace     940205829  7  7 f   -     -     -        14960    0    0 
Trace     940205899  7  6 f   -     -     -        14960    0    0 
Trace     940205940  7  5 f   -     -     -        14960    0    0 
Trace     940205972  5  2 f   -     -     -        14960    0    0 
Trace     940205982  5  2 Bk  k     f     -        14960 2560    0 
Trace     940206004  5  1 Br  -     -     -        12400 7680 10240 
Trace     940206015  5  5 ccA -     -     -        14960 14960 41440 As Jd
Trace     940206035  5  4 cc  -     -     -        41440 9760 25920 8h Ac
Trace     940206058  4  3 f   -     -     -        57600    0    0 
Trace     940206067  4  2 Bk  c     c     k        57600 15360 30720 2s Qs
Trace     940206103  4  1 Bc  k     k     kc       72960 5120 12800 5s Ac
Trace     940206144  4  4 r   -     -     -        80640 11520 17920 
Trace     940206164  4  3 cc  c     -     -        87040 13380    0 Td 9h
Trace     940206186  3  2 B   -     -     -        73660 2560 3840 
Trace     940206196  3  1 Bc  kf    -     -        74940 2560    0 
Trace     940206208  3  3 f   -     -     -        72380    0    0 
Trace     940206211  3  2 B   -     -     -        72380 2560 3840 
Trace     940206214  3  1 Br  b     -     -        73660 33280 46080 
Trace     940206230  3  3 c   k     b     b        86460 28160 38400 
Trace     940206262  3  2 B   -     -     -        96700 5120 7680 
Trace     940206266  3  1 Br  -     -     -        99260 15360 20480 
Trace     940206270  3  3 c   k     k     k       104380 5120 12800 Ac Kh
Trace     940206299  3  2 B   -     -     -       112060 5120 9180 3s 9s
Trace     940206307  2  1 Bc  -     -     -       116120 3880    0 5c 6d
Trace     940206318  2  2 B   -     -     -       112240 5120 7680 
Trace     940206327  2  1 Br  -     -     -       114800 15360 20480 
Trace     940206336  2  2 B   -     -     -       119920 5120 5040 3h Tc
Trace     940206337  2  1 B   -     -     -       119840 2560 2720 6d 2d
Trace     940555683 22  1 Bc  kf    -     -         4950   50    0 
Trace     940555819 22 22 f   -     -     -         4900    0    0 
Trace     940555931 22 21 c   f     -     -         4900  550    0 
Trace     940556009 22 20 f   -     -     -         4350    0    0 
Trace     940556192 22 19 f   -     -     -         4350    0    0 
Trace     940556289 22 18 f   -     -     -         4350    0    0 
Trace     940556369 22 17 f   -     -     -         4350    0    0 
Trace     940556447 20 14 f   -     -     -         4350    0    0 
Trace     940556512 20 13 c   c     k     cA        4350 4350    0 8s As
Trace     941155226 23 16 c   f     -     -         5000   50    0 
Trace     941155358 23 15 f   -     -     -         4950    0    0 
Trace     941155550 23 14 f   -     -     -         4950    0    0 
Trace     941155687 22 13 f   -     -     -         4950    0    0 
Trace     941155899 21 11 f   -     -     -         4950    0    0 
Trace     941155997 21 11 f   -     -     -         4950    0    0 
Trace     941156055 21 10 f   -     -     -         4950    0    0 
Trace     941156154 21  9 f   -     -     -         4950    0    0 
Trace     941156234 20  8 f   -     -     -         4950    0    0 
Trace     941156305 20  7 f   -     -     -         4950    0    0 
Trace     941156534 20  6 f   -     -     -         4950    0    0 
Trace     941156603 19  5 f   -     -     -         4950    0    0 
Trace     941156712 18  4 f   -     -     -         4950    0    0 
Trace     941156752 18  3 f   -     -     -         4950    0    0 
Trace     941156831 18  2 Bf  -     -     -         4950  400    0 
Trace     941156922 17  1 Bf  -     -     -         4550  400    0 
Trace     941157025 15 15 f   -     -     -         4150    0    0 
Trace     941157095 15 14 f   -     -     -         4150    0    0 
Trace     941157142 15 13 f   -     -     -         4150    0    0 
Trace     941157197 15 12 f   -     -     -         4150    0    0 
Trace     941157243 15 11 f   -     -     -         4150    0    0 
Trace     941157341 15 10 c   kf    -     -         4150 1600    0 
Trace     941157405 15  9 f   -     -     -         2550    0    0 
Trace     941157467 15  8 f   -     -     -         2550    0    0 
Trace     941157498 15  7 f   -     -     -         2550    0    0 
Trace     941157579 15  6 c   k     kf    -         2550 1600    0 
Trace     941157666 15  5 f   -     -     -          950    0    0 
Trace     941157731 15  4 cA  -     -     -          950  950    0 2s 2h
