Trace     941592441 22 16 f   -     -     -         3000    0    0 
Trace     941592583 21 14 f   -     -     -         3000    0    0 
Trace     941592704 21 13 f   -     -     -         3000    0    0 
Trace     941592773 21 12 f   -     -     -         3000    0    0 
Trace     941592841 19 11 f   -     -     -         3000    0    0 
Trace     941592927 18 10 f   -     -     -         3000    0    0 
Trace     941593077 18  9 f   -     -     -         3000    0    0 
Trace     941593134 17  8 f   -     -     -         3000    0    0 
Trace     941593229 16  7 f   -     -     -         3000    0    0 
Trace     941593306 16  6 f   -     -     -         3000    0    0 
Trace     941593405 16  5 c   b     k     k         3000 2000    0 7s 7c
Trace     941593500 16  4 f   -     -     -         1000    0    0 
Trace     941593591 16  3 ccA -     -     -         1000 1000 5000 7c 7h
Trace     941593658 16  2 Bf  -     -     -         5000  400    0 
Trace     941593750 16  1 Bf  -     -     -         4600  200    0 
Trace     941593815 14 14 f   -     -     -         4400    0    0 
Trace     941593879 13 12 f   -     -     -         4400    0    0 
Trace     941593958 10  9 f   -     -     -         4400    0    0 
Trace     941593994 10  8 f   -     -     -         4400    0    0 
Trace     941594059 10  7 c   cA    -     -         4400 4400    0 Qs Qh
Trace     942015168 21  7 f   -     -     -        10000    0    0 
Trace     942015336 21  6 f   -     -     -        10000    0    0 
Trace     942015429 18  5 rc  b     bA    -        10000 10000    0 Qc Qs
